<?xml version="1.0" encoding="UTF-8"?>
<!-- Generated by org.testng.reporters.JUnitXMLReporter -->
<testsuite hostname="DESKTOP-M98M44G" ignored="0" name="Test" tests="1" failures="1" timestamp="16 Feb 2019 14:02:41 GMT" time="0.037" errors="0">
  <testcase name="@AfterTest test1" time="0.0" classname="tests.TestNGMultiBrowserDemoTest">
    <failure type="java.lang.RuntimeException" message="Test not implemented">
      <![CDATA[java.lang.RuntimeException: Test not implemented
at tests.TestNGMultiBrowserDemoTest.test1(TestNGMultiBrowserDemoTest.java:23)
... Removed 24 stack frames]]>
    </failure>
  </testcase> <!-- @AfterTest test1 -->
  <testcase name="tearDown" time="0.015" classname="tests.TestNGMultiBrowserDemoTest">
    <failure type="java.lang.RuntimeException" message="Test not implemented">
      <![CDATA[java.lang.RuntimeException: Test not implemented
at tests.TestNGMultiBrowserDemoTest.tearDown(TestNGMultiBrowserDemoTest.java:18)
... Removed 25 stack frames]]>
    </failure>
  </testcase> <!-- tearDown -->
</testsuite> <!-- Test -->
